<?xml version="1.0" encoding="UTF-8"?>
<!-- Generated by org.testng.reporters.JUnitXMLReporter -->
<testsuite hostname="DESKTOP-S2JVOCE" ignored="0" name="CriticalCases" tests="4" failures="0" timestamp="24 Nov 2019 18:01:43 GMT" time="64.905" errors="0">
  <testcase name="CheckBoxTest" time="11.86" classname="tests.HomepageTest"/>
  <testcase name="PinkTest" time="0.002" classname="tests.HomepageTest"/>
  <testcase name="WindowHandleTest" time="20.303" classname="tests.HomepageTest"/>
  <testcase name="GoldTest" time="0.005" classname="tests.HomepageTest"/>
</testsuite> <!-- CriticalCases -->
