<?xml version="1.0" encoding="UTF-8"?>
<!-- Generated by org.testng.reporters.JUnitXMLReporter -->
<testsuite hostname="DESKTOP-S2JVOCE" ignored="2" name="Practice Grouping" tests="2" failures="2" timestamp="22 Nov 2019 16:05:32 GMT" time="0.119" errors="0">
  <testcase name="CheckBoxTest" time="0.07" classname="tests.HomepageTest">
    <failure type="java.lang.NullPointerException">
      <![CDATA[java.lang.NullPointerException
at com.google.common.base.Preconditions.checkNotNull(Preconditions.java:787)
at org.openqa.selenium.support.ui.FluentWait.<init>(FluentWait.java:96)
at org.openqa.selenium.support.ui.WebDriverWait.<init>(WebDriverWait.java:72)
at org.openqa.selenium.support.ui.WebDriverWait.<init>(WebDriverWait.java:46)
at pageObjects.Homepage.<init>(Homepage.java:26)
at tests.HomepageTest.CheckBoxTest(HomepageTest.java:22)
... Removed 25 stack frames]]>
    </failure>
  </testcase> <!-- CheckBoxTest -->
  <testcase name="WindowHandleTest" time="0.007" classname="tests.HomepageTest">
    <failure type="java.lang.NullPointerException">
      <![CDATA[java.lang.NullPointerException
at com.google.common.base.Preconditions.checkNotNull(Preconditions.java:787)
at org.openqa.selenium.support.ui.FluentWait.<init>(FluentWait.java:96)
at org.openqa.selenium.support.ui.WebDriverWait.<init>(WebDriverWait.java:72)
at org.openqa.selenium.support.ui.WebDriverWait.<init>(WebDriverWait.java:46)
at pageObjects.Homepage.<init>(Homepage.java:26)
at tests.HomepageTest.WindowHandleTest(HomepageTest.java:34)
... Removed 25 stack frames]]>
    </failure>
  </testcase> <!-- WindowHandleTest -->
  <testcase name="GoldTest" time="0.0" classname="tests.HomepageTest">
    <ignored/>
  </testcase> <!-- GoldTest -->
  <testcase name="PinkTest" time="0.0" classname="tests.HomepageTest">
    <ignored/>
  </testcase> <!-- PinkTest -->
</testsuite> <!-- Practice Grouping -->
